info|2024-09-21 00:20:29.921746|[SDK][WS][SERVICE],[NEWOBJ][WsService]=0x7fd43f80c618
info|2024-09-21 00:20:29.922207|[RPCWS][SERVICE]init the local protocol,minVersion=1,maxVersion=1,module=2
info|2024-09-21 00:20:29.922234|[startThread]start the timer thread
info|2024-09-21 00:20:29.922290|[startThread]the timer thread start,threadName=timerFactory
info|2024-09-21 00:20:29.943187|[DEFAULT][WS][INITIALIZER][initWsService]start websocket service as client,connected endpoints size=1
info|2024-09-21 00:20:29.943258|[DEFAULT][WS][INITIALIZER][initWsService]initializer for websocket service,listenIP=,listenPort=0,disableSsl=false,server=false,client=true,threadPoolSize=8,maxMsgSize=33554432,msgTimeOut=-1,connected peers=1
info|2024-09-21 00:20:29.943811|[buildJsonRpc]build json rpc,sendRequestToHighestBlockNode=true
info|2024-09-21 00:20:29.943852|[bcos_sdk_create][NEWOBJ],sdk=0x600001a1c360,version=FISCO BCOS C SDK Version : 3.4.0
Build Time         : 20230612 08:00:34
Build Type         : Darwin/appleclang/Release
Git Branch         : HEAD
Git Commit         : 8829d018c34fe8f5c8db7422aa44144d0e2b6cf8
,peers_count=1,disable_ssl=0,message_timeout_ms=-1,reconnect_period_ms=-1,heartbeat_period_ms=-1,send_rpc_request_to_highest_block_node=1
info|2024-09-21 00:20:29.948004|[DEFAULT][WS][CONNECTOR][connectToWsServer]async_connect success,endpoint=127.0.0.1:20200
info|2024-09-21 00:20:29.948762|[DEFAULT][WS][STREAM],[NEWOBJ][WsStream]=0x600001d10068
info|2024-09-21 00:20:29.952417|[DEFAULT][BOOSTSSL][NODEINFO][NEW]SSLContext pubHex: 3082010a0282010100a30afb037122aa2e9a6f514bd96dd07c98eb813c98452fa57a599ec0f0438e0b96669a533d77a5dee7069b3ffbf3824706546c6e977865fd4fa6f57dca86695897c158e181a36091e61683b67ee01eeebbcff56e1d9c23be67038955e85a418376a41e13704a1a856552abd47a18588b49d240ecdabaaed87e0c3c714dd4f7f74a0877781bfd9346cba9e0a6b090613ccaf01d950abfd7e5b2ae6781ce2934ba6390b0fee3ba5a32c13ab2bdf438f9e1532ad956da0c1369a852729c58ee6a282fe8df7e409519784e605bef9c74103d19427757e85d220283e3efb51abea0264d51da1a97c8235afb901eefd94e50c36393d9fb881f4c2540ca3c942b5c74a30203010001
warning|2024-09-21 00:20:29.952434|[DEFAULT][BOOSTSSL][NODEINFO]Get ca basic failed
info|2024-09-21 00:20:29.952673|[DEFAULT][BOOSTSSL][NODEINFO][NEW]SSLContext pubHex: 3082010a02820101009b3bed0242042bc4d424b7d84ef773d38ff245dd9fe67e41ee11834968fe59505a5f70c9cf13463b6745727e7de69232278e7a668962dee2b16353a9fbb2c4e36dc007e884c153a4c2ce83ac8d9183e64149f5db34db1cadf962c976d306f525a8241d2549c46e6c2e975efdda4bc7c431f258d033de8b2f31d937a9b443c195fe021cce7476db835e03dedc01686350f3f78c5532102240b8c7be74f85c6fc5fe9659769ba9ad60e4b0333dfb54eb07af7e947b18f943fe751bdb38279f57c35f6b2cb5b770996ce8d6911bff9efb337f00afb4e174969ce010b30d503ba37dfb6fca3d80af2aa4949cf366a563b358cb4477518f9bff198a44c6b2f23d2c030203010001
info|2024-09-21 00:20:29.959721|[DEFAULT][WS][CONNECTOR][connectToWsServer]ssl async_handshake success,host=127.0.0.1,port=20200
info|2024-09-21 00:20:29.964198|[DEFAULT][WS][CONNECTOR][connectToWsServer]websocket handshake successfully,host=127.0.0.1,port=20200
info|2024-09-21 00:20:29.964241|[SDK][WS][SESSION],[NEWOBJ][WSSESSION]=0x7fd43f0085c0
info|2024-09-21 00:20:29.964255|[SDK][WS][SERVICE][newSession]start the session,endPoint=127.0.0.1:20200
info|2024-09-21 00:20:29.964336|[SDK][WS][SERVICE]reconnect,peer=127.0.0.1:20200
warning|2024-09-21 00:20:29.964347|[DEFAULT][WS][CONNECTOR][connectToWsServer]insertPendingConns,endpoint=127.0.0.1:20200
info|2024-09-21 00:20:29.964359|[SDK][WS][STAT]connected nodes,count=0
info|2024-09-21 00:20:29.964365|[SDK][WS][SERVICE][start]start websocket service successfully,model=1,max msg size=33554432
info|2024-09-21 00:20:29.964538|[SDK][WS][SERVICE][addSession]map the session,endPoint=127.0.0.1:20200,result=true
info|2024-09-21 00:20:29.964553|[SDK][WS][SERVICE][onConnect],endpoint=127.0.0.1:20200,refCount=6
info|2024-09-21 00:20:29.965009|[RPCWS][SERVICE][startHandshake],endpoint=127.0.0.1:20200
info|2024-09-21 00:20:29.965275|[SDK][WS][SESSION][startAsClient]websocket handshake successfully,endPoint=127.0.0.1:20200,session=0x7fd43f0085c0
info|2024-09-21 00:20:29.967550|[RPCWS][SERVICE][fromJson] new group info,groupInfo=,group=group0,chain=chain0,nodeSize=1
info|2024-09-21 00:20:29.967651|[RPCWS][SERVICE][fromJson]parser protocol version,protocolVersion=1,groupInfoList size=1,groupBlockNumber size=1
info|2024-09-21 00:20:29.967677|[RPCWS][SERVICE][updateGroupInfoByEp],endPoint=127.0.0.1:20200,group=group0,chainID=chain0,genesisConfig={"blockTxCountLimit":1000,"consensusLeaderPeriod":1,"consensusType":"pbft","sealerList":[{"nodeID":"0b17e15e2a5d676f6d688a04b0df34b0a66293a76858c1f3594ff4a6f444c37ae9d6c599e8acf5acd261ba43d52867d7328c7803c7fec959fda9979bba1c6d91","weight":1},{"nodeID":"65253b18509432ef9a5066da5344426c2afa220611b17b5c316b9aaeef0be2f8e63b0666cd705a88081bd519b05050c19ab11243c7d7e4772a3309099bf96662","weight":1},{"nodeID":"a864864740f704f22022dd566a5e965297ed97ff5eed7a7d3989bf2a971da939d69538afa3cfa47d753f9c81f976013f5b7ebee225eb29001dc773adcfe6e46b","weight":1},{"nodeID":"f9762b1db1995b8258f530346f76ecdd09d9b1f980d38aa98d80de5d276b2c6d6fb7a1003c2dedb0f1f9fffc972b082bdffe8bf16522339f65191fe68ef09db5","weight":1}],"txGasLimit":3000000000}
,iniConfig=,nodesNum=1
info|2024-09-21 00:20:29.967720|[RPCWS][SERVICE][updateGroupInfo],endPoint=127.0.0.1:20200,group=group0,chainID=chain0,nodesNum=1
info|2024-09-21 00:20:29.967767|[RPCWS][SERVICE][clearGroupInfoByEp],endPoint=127.0.0.1:20200,group=group0
info|2024-09-21 00:20:29.967791|[RPCWS][SERVICE][printGroupInfo],total count=1
info|2024-09-21 00:20:29.967797|[RPCWS][SERVICE][printGroupInfo]group list,group=group0,count=1
info|2024-09-21 00:20:29.967802|[RPCWS][SERVICE][printGroupInfo]node list,group=group0,node=a864864740f704f22022dd566a5e965297ed97ff5eed7a7d3989bf2a971da939d69538afa3cfa47d753f9c81f976013f5b7ebee225eb29001dc773adcfe6e46b,count=1
info|2024-09-21 00:20:29.967813|[RPCWS][SERVICE][updateGroupBlockNumber],groupID=group0,_blockNumber=165
info|2024-09-21 00:20:29.968197|[AMOP][CLIENT][updateTopicsToRemote]send subscribe message to server,endpoint=127.0.0.1:20200,topics={"topics":[]}
info|2024-09-21 00:20:29.968208|[RPCWS][SERVICE][startHandshake]handshake successfully,endPoint=127.0.0.1:20200,handshake version=1,groupInfoList size=1,groupBlockNumber size=1,handshake string={"groupBlockNumber":[{"group0":165}],"groupInfoList":[{"chainID":"chain0","genesisConfig":"{\"blockTxCountLimit\":1000,\"consensusLeaderPeriod\":1,\"consensusType\":\"pbft\",\"sealerList\":[{\"nodeID\":\"0b17e15e2a5d676f6d688a04b0df34b0a66293a76858c1f3594ff4a6f444c37ae9d6c599e8acf5acd261ba43d52867d7328c7803c7fec959fda9979bba1c6d91\",\"weight\":1},{\"nodeID\":\"65253b18509432ef9a5066da5344426c2afa220611b17b5c316b9aaeef0be2f8e63b0666cd705a88081bd519b05050c19ab11243c7d7e4772a3309099bf96662\",\"weight\":1},{\"nodeID\":\"a864864740f704f22022dd566a5e965297ed97ff5eed7a7d3989bf2a971da939d69538afa3cfa47d753f9c81f976013f5b7ebee225eb29001dc773adcfe6e46b\",\"weight\":1},{\"nodeID\":\"f9762b1db1995b8258f530346f76ecdd09d9b1f980d38aa98d80de5d276b2c6d6fb7a1003c2dedb0f1f9fffc972b082bdffe8bf16522339f65191fe68ef09db5\",\"weight\":1}],\"txGasLimit\":3000000000}\n","groupID":"group0","iniConfig":"","nodeList":[{"featureKeys":["bugfix_revert","bugfix_statestorage_hash","bugfix_evm_create2_delegatecall_staticcall_codecopy","bugfix_event_log_order","bugfix_call_noaddr_return","bugfix_precompiled_codehash","bugfix_dmc_revert","bugfix_keypage_system_entry_hash","bugfix_internal_create_redundant_storage","bugfix_internal_create_permission_denied","bugfix_sharding_call_in_child_executive","bugfix_empty_abi_reset","bugfix_eip55_addr","bugfix_eoa_as_contract","bugfix_eoa_match_failed","bugfix_evm_exception_gas_used","bugfix_dmc_deploy_gas_used","bugfix_staticcall_noaddr_return","bugfix_support_transfer_receive_fallback","bugfix_set_row_with_dirty_flag","feature_dmc2serial","feature_sharding","feature_rpbft","feature_paillier","feature_balance","feature_balance_precompiled","feature_balance_policy1","feature_paillier_add_raw","feature_evm_cancun"],"iniConfig":"{\"binaryInfo\":{\"buildTime\":\"20240827 07:05:56\",\"gitCommitHash\":\"3fea676716990b2ed453b4f079915daafff451f9\",\"platform\":\"Darwin/appleclang\",\"version\":\"3.11.0\"},\"chainID\":\"chain0\",\"gatewayServiceName\":\"\",\"groupID\":\"group0\",\"isAuthCheck\":false,\"isSerialExecute\":true,\"isWasm\":false,\"nodeID\":\"a864864740f704f22022dd566a5e965297ed97ff5eed7a7d3989bf2a971da939d69538afa3cfa47d753f9c81f976013f5b7ebee225eb29001dc773adcfe6e46b\",\"nodeName\":\"a864864740f704f22022dd566a5e965297ed97ff5eed7a7d3989bf2a971da939d69538afa3cfa47d753f9c81f976013f5b7ebee225eb29001dc773adcfe6e46b\",\"rpcServiceName\":\"\",\"smCryptoType\":false}\n","microService":false,"name":"a864864740f704f22022dd566a5e965297ed97ff5eed7a7d3989bf2a971da939d69538afa3cfa47d753f9c81f976013f5b7ebee225eb29001dc773adcfe6e46b","nodeID":"a864864740f704f22022dd566a5e965297ed97ff5eed7a7d3989bf2a971da939d69538afa3cfa47d753f9c81f976013f5b7ebee225eb29001dc773adcfe6e46b","protocol":{"compatibilityVersion":51052544,"maxSupportedVersion":2,"minSupportedVersion":0},"serviceInfo":[{"serviceName":"LedgerServiceObj","type":2},{"serviceName":"SchedulerServiceObj","type":3},{"serviceName":"FrontServiceObj","type":4},{"serviceName":"","type":6},{"serviceName":"","type":7},{"serviceName":"TxPoolServiceObj","type":8}],"supportConfigs":["tx_gas_limit","tx_gas_price","tx_count_limit","consensus_leader_period","auth_check_status","compatibility_version","feature_rpbft","feature_rpbft_epoch_block_num","feature_rpbft_epoch_sealer_num","feature_balance_precompiled","web3_chain_id"],"type":0}]}],"protocolVersion":1}
info|2024-09-21 00:20:30.067606|[RPCWS][SERVICE][waitForConnectionEstablish]wait for websocket connection handshake success,suc count=1
info|2024-09-21 00:20:30.067629|[RPC][IMPL][start]start rpc
info|2024-09-21 00:20:30.067634|[SDK][WS][SERVICE][start]websocket service is running
info|2024-09-21 00:20:30.172436|[RPCWS][SERVICE][waitForConnectionEstablish]wait for websocket connection handshake success,suc count=1
info|2024-09-21 00:20:30.173023|[AMOP][CLIENT][start]start amop
info|2024-09-21 00:20:30.173068|[SDK][WS][SERVICE][start]websocket service is running
info|2024-09-21 00:20:30.277033|[RPCWS][SERVICE][waitForConnectionEstablish]wait for websocket connection handshake success,suc count=1
info|2024-09-21 00:20:30.277207|[EVENT][SUB][start]start event sub successfully,sendMsgTimeout=-1,reconnectPeriod=4294967295
info|2024-09-21 00:20:30.277254|[SDK][WS][SERVICE][start]websocket service is running
info|2024-09-21 00:20:30.378663|[RPCWS][SERVICE][waitForConnectionEstablish]wait for websocket connection handshake success,suc count=1
info|2024-09-21 00:20:30.378691|[bcos_sdk_start],sdk=0x600001a1c360
info|2024-09-21 00:20:30.432081|[RPC][BLOCK][NUMBER][fromJson],group=group0,node=a864864740f704f22022dd566a5e965297ed97ff5eed7a7d3989bf2a971da939d69538afa3cfa47d753f9c81f976013f5b7ebee225eb29001dc773adcfe6e46b,blockNumber=166
info|2024-09-21 00:20:30.432103|[RPCWS][SERVICE][onRecvBlockNotifier]receive block number notifier,group=group0,node=a864864740f704f22022dd566a5e965297ed97ff5eed7a7d3989bf2a971da939d69538afa3cfa47d753f9c81f976013f5b7ebee225eb29001dc773adcfe6e46b,blockNumber=166
info|2024-09-21 00:20:30.432111|[RPCWS][SERVICE][updateGroupBlockNumber],groupID=group0,_blockNumber=166
info|2024-09-21 00:20:30.432125|[RPCWS][SERVICE][onRecvBlockNotifier]block notifier callback,group=group0,node=a864864740f704f22022dd566a5e965297ed97ff5eed7a7d3989bf2a971da939d69538afa3cfa47d753f9c81f976013f5b7ebee225eb29001dc773adcfe6e46b,blockNumber=166
info|2024-09-21 00:20:30.432131|[WS]receive block notify,endpoint=127.0.0.1:20200,blk={
	"blockNumber" : 166,
	"group" : "group0",
	"nodeName" : "a864864740f704f22022dd566a5e965297ed97ff5eed7a7d3989bf2a971da939d69538afa3cfa47d753f9c81f976013f5b7ebee225eb29001dc773adcfe6e46b"
}
info|2024-09-21 00:20:30.953388|[RPC][BLOCK][NUMBER][fromJson],group=group0,node=a864864740f704f22022dd566a5e965297ed97ff5eed7a7d3989bf2a971da939d69538afa3cfa47d753f9c81f976013f5b7ebee225eb29001dc773adcfe6e46b,blockNumber=167
info|2024-09-21 00:20:30.953445|[RPCWS][SERVICE][onRecvBlockNotifier]receive block number notifier,group=group0,node=a864864740f704f22022dd566a5e965297ed97ff5eed7a7d3989bf2a971da939d69538afa3cfa47d753f9c81f976013f5b7ebee225eb29001dc773adcfe6e46b,blockNumber=167
info|2024-09-21 00:20:30.953454|[RPCWS][SERVICE][updateGroupBlockNumber],groupID=group0,_blockNumber=167
info|2024-09-21 00:20:30.953460|[RPCWS][SERVICE][onRecvBlockNotifier]block notifier callback,group=group0,node=a864864740f704f22022dd566a5e965297ed97ff5eed7a7d3989bf2a971da939d69538afa3cfa47d753f9c81f976013f5b7ebee225eb29001dc773adcfe6e46b,blockNumber=167
info|2024-09-21 00:20:30.953470|[WS]receive block notify,endpoint=127.0.0.1:20200,blk={
	"blockNumber" : 167,
	"group" : "group0",
	"nodeName" : "a864864740f704f22022dd566a5e965297ed97ff5eed7a7d3989bf2a971da939d69538afa3cfa47d753f9c81f976013f5b7ebee225eb29001dc773adcfe6e46b"
}
info|2024-09-21 00:20:53.143111|[SDK][WS][SERVICE],[NEWOBJ][WsService]=0x7fb869008218
info|2024-09-21 00:20:53.143147|[RPCWS][SERVICE]init the local protocol,minVersion=1,maxVersion=1,module=2
info|2024-09-21 00:20:53.143164|[startThread]start the timer thread
info|2024-09-21 00:20:53.143208|[startThread]the timer thread start,threadName=timerFactory
info|2024-09-21 00:20:53.147257|[DEFAULT][WS][INITIALIZER][initWsService]start websocket service as client,connected endpoints size=1
info|2024-09-21 00:20:53.147288|[DEFAULT][WS][INITIALIZER][initWsService]initializer for websocket service,listenIP=,listenPort=0,disableSsl=false,server=false,client=true,threadPoolSize=8,maxMsgSize=33554432,msgTimeOut=-1,connected peers=1
info|2024-09-21 00:20:53.147390|[buildJsonRpc]build json rpc,sendRequestToHighestBlockNode=true
info|2024-09-21 00:20:53.147472|[bcos_sdk_create][NEWOBJ],sdk=0x600000c48000,version=FISCO BCOS C SDK Version : 3.4.0
Build Time         : 20230612 08:00:34
Build Type         : Darwin/appleclang/Release
Git Branch         : HEAD
Git Commit         : 8829d018c34fe8f5c8db7422aa44144d0e2b6cf8
,peers_count=1,disable_ssl=0,message_timeout_ms=-1,reconnect_period_ms=-1,heartbeat_period_ms=-1,send_rpc_request_to_highest_block_node=1
info|2024-09-21 00:20:53.148325|[DEFAULT][WS][CONNECTOR][connectToWsServer]async_connect success,endpoint=127.0.0.1:20200
info|2024-09-21 00:20:53.148411|[DEFAULT][WS][STREAM],[NEWOBJ][WsStream]=0x600000b48388
info|2024-09-21 00:20:53.150659|[DEFAULT][BOOSTSSL][NODEINFO][NEW]SSLContext pubHex: 3082010a0282010100a30afb037122aa2e9a6f514bd96dd07c98eb813c98452fa57a599ec0f0438e0b96669a533d77a5dee7069b3ffbf3824706546c6e977865fd4fa6f57dca86695897c158e181a36091e61683b67ee01eeebbcff56e1d9c23be67038955e85a418376a41e13704a1a856552abd47a18588b49d240ecdabaaed87e0c3c714dd4f7f74a0877781bfd9346cba9e0a6b090613ccaf01d950abfd7e5b2ae6781ce2934ba6390b0fee3ba5a32c13ab2bdf438f9e1532ad956da0c1369a852729c58ee6a282fe8df7e409519784e605bef9c74103d19427757e85d220283e3efb51abea0264d51da1a97c8235afb901eefd94e50c36393d9fb881f4c2540ca3c942b5c74a30203010001
warning|2024-09-21 00:20:53.150752|[DEFAULT][BOOSTSSL][NODEINFO]Get ca basic failed
info|2024-09-21 00:20:53.150922|[DEFAULT][BOOSTSSL][NODEINFO][NEW]SSLContext pubHex: 3082010a02820101009b3bed0242042bc4d424b7d84ef773d38ff245dd9fe67e41ee11834968fe59505a5f70c9cf13463b6745727e7de69232278e7a668962dee2b16353a9fbb2c4e36dc007e884c153a4c2ce83ac8d9183e64149f5db34db1cadf962c976d306f525a8241d2549c46e6c2e975efdda4bc7c431f258d033de8b2f31d937a9b443c195fe021cce7476db835e03dedc01686350f3f78c5532102240b8c7be74f85c6fc5fe9659769ba9ad60e4b0333dfb54eb07af7e947b18f943fe751bdb38279f57c35f6b2cb5b770996ce8d6911bff9efb337f00afb4e174969ce010b30d503ba37dfb6fca3d80af2aa4949cf366a563b358cb4477518f9bff198a44c6b2f23d2c030203010001
info|2024-09-21 00:20:53.153753|[DEFAULT][WS][CONNECTOR][connectToWsServer]ssl async_handshake success,host=127.0.0.1,port=20200
info|2024-09-21 00:20:53.154215|[DEFAULT][WS][CONNECTOR][connectToWsServer]websocket handshake successfully,host=127.0.0.1,port=20200
info|2024-09-21 00:20:53.154244|[SDK][WS][SESSION],[NEWOBJ][WSSESSION]=0x7fb867807a30
info|2024-09-21 00:20:53.154258|[SDK][WS][SERVICE][newSession]start the session,endPoint=127.0.0.1:20200
info|2024-09-21 00:20:53.154272|[SDK][WS][SERVICE][addSession]map the session,endPoint=127.0.0.1:20200,result=true
info|2024-09-21 00:20:53.154279|[SDK][WS][SERVICE][onConnect],endpoint=127.0.0.1:20200,refCount=6
info|2024-09-21 00:20:53.154358|[SDK][WS][STAT]connected nodes,count=1
info|2024-09-21 00:20:53.154380|[RPCWS][SERVICE][startHandshake],endpoint=127.0.0.1:20200
info|2024-09-21 00:20:53.154434|[SDK][WS][SERVICE][start]start websocket service successfully,model=1,max msg size=33554432
info|2024-09-21 00:20:53.154508|[SDK][WS][SESSION][startAsClient]websocket handshake successfully,endPoint=127.0.0.1:20200,session=0x7fb867807a30
info|2024-09-21 00:20:53.155258|[RPCWS][SERVICE][fromJson] new group info,groupInfo=,group=group0,chain=chain0,nodeSize=1
info|2024-09-21 00:20:53.155284|[RPCWS][SERVICE][fromJson]parser protocol version,protocolVersion=1,groupInfoList size=1,groupBlockNumber size=1
info|2024-09-21 00:20:53.155309|[RPCWS][SERVICE][updateGroupInfoByEp],endPoint=127.0.0.1:20200,group=group0,chainID=chain0,genesisConfig={"blockTxCountLimit":1000,"consensusLeaderPeriod":1,"consensusType":"pbft","sealerList":[{"nodeID":"0b17e15e2a5d676f6d688a04b0df34b0a66293a76858c1f3594ff4a6f444c37ae9d6c599e8acf5acd261ba43d52867d7328c7803c7fec959fda9979bba1c6d91","weight":1},{"nodeID":"65253b18509432ef9a5066da5344426c2afa220611b17b5c316b9aaeef0be2f8e63b0666cd705a88081bd519b05050c19ab11243c7d7e4772a3309099bf96662","weight":1},{"nodeID":"a864864740f704f22022dd566a5e965297ed97ff5eed7a7d3989bf2a971da939d69538afa3cfa47d753f9c81f976013f5b7ebee225eb29001dc773adcfe6e46b","weight":1},{"nodeID":"f9762b1db1995b8258f530346f76ecdd09d9b1f980d38aa98d80de5d276b2c6d6fb7a1003c2dedb0f1f9fffc972b082bdffe8bf16522339f65191fe68ef09db5","weight":1}],"txGasLimit":3000000000}
,iniConfig=,nodesNum=1
info|2024-09-21 00:20:53.155321|[RPCWS][SERVICE][updateGroupInfo],endPoint=127.0.0.1:20200,group=group0,chainID=chain0,nodesNum=1
info|2024-09-21 00:20:53.155335|[RPCWS][SERVICE][clearGroupInfoByEp],endPoint=127.0.0.1:20200,group=group0
info|2024-09-21 00:20:53.155348|[RPCWS][SERVICE][printGroupInfo],total count=1
info|2024-09-21 00:20:53.155352|[RPCWS][SERVICE][printGroupInfo]group list,group=group0,count=1
info|2024-09-21 00:20:53.155361|[RPCWS][SERVICE][printGroupInfo]node list,group=group0,node=a864864740f704f22022dd566a5e965297ed97ff5eed7a7d3989bf2a971da939d69538afa3cfa47d753f9c81f976013f5b7ebee225eb29001dc773adcfe6e46b,count=1
info|2024-09-21 00:20:53.155370|[RPCWS][SERVICE][updateGroupBlockNumber],groupID=group0,_blockNumber=167
info|2024-09-21 00:20:53.155446|[AMOP][CLIENT][updateTopicsToRemote]send subscribe message to server,endpoint=127.0.0.1:20200,topics={"topics":[]}
info|2024-09-21 00:20:53.155472|[RPCWS][SERVICE][startHandshake]handshake successfully,endPoint=127.0.0.1:20200,handshake version=1,groupInfoList size=1,groupBlockNumber size=1,handshake string={"groupBlockNumber":[{"group0":167}],"groupInfoList":[{"chainID":"chain0","genesisConfig":"{\"blockTxCountLimit\":1000,\"consensusLeaderPeriod\":1,\"consensusType\":\"pbft\",\"sealerList\":[{\"nodeID\":\"0b17e15e2a5d676f6d688a04b0df34b0a66293a76858c1f3594ff4a6f444c37ae9d6c599e8acf5acd261ba43d52867d7328c7803c7fec959fda9979bba1c6d91\",\"weight\":1},{\"nodeID\":\"65253b18509432ef9a5066da5344426c2afa220611b17b5c316b9aaeef0be2f8e63b0666cd705a88081bd519b05050c19ab11243c7d7e4772a3309099bf96662\",\"weight\":1},{\"nodeID\":\"a864864740f704f22022dd566a5e965297ed97ff5eed7a7d3989bf2a971da939d69538afa3cfa47d753f9c81f976013f5b7ebee225eb29001dc773adcfe6e46b\",\"weight\":1},{\"nodeID\":\"f9762b1db1995b8258f530346f76ecdd09d9b1f980d38aa98d80de5d276b2c6d6fb7a1003c2dedb0f1f9fffc972b082bdffe8bf16522339f65191fe68ef09db5\",\"weight\":1}],\"txGasLimit\":3000000000}\n","groupID":"group0","iniConfig":"","nodeList":[{"featureKeys":["bugfix_revert","bugfix_statestorage_hash","bugfix_evm_create2_delegatecall_staticcall_codecopy","bugfix_event_log_order","bugfix_call_noaddr_return","bugfix_precompiled_codehash","bugfix_dmc_revert","bugfix_keypage_system_entry_hash","bugfix_internal_create_redundant_storage","bugfix_internal_create_permission_denied","bugfix_sharding_call_in_child_executive","bugfix_empty_abi_reset","bugfix_eip55_addr","bugfix_eoa_as_contract","bugfix_eoa_match_failed","bugfix_evm_exception_gas_used","bugfix_dmc_deploy_gas_used","bugfix_staticcall_noaddr_return","bugfix_support_transfer_receive_fallback","bugfix_set_row_with_dirty_flag","feature_dmc2serial","feature_sharding","feature_rpbft","feature_paillier","feature_balance","feature_balance_precompiled","feature_balance_policy1","feature_paillier_add_raw","feature_evm_cancun"],"iniConfig":"{\"binaryInfo\":{\"buildTime\":\"20240827 07:05:56\",\"gitCommitHash\":\"3fea676716990b2ed453b4f079915daafff451f9\",\"platform\":\"Darwin/appleclang\",\"version\":\"3.11.0\"},\"chainID\":\"chain0\",\"gatewayServiceName\":\"\",\"groupID\":\"group0\",\"isAuthCheck\":false,\"isSerialExecute\":true,\"isWasm\":false,\"nodeID\":\"a864864740f704f22022dd566a5e965297ed97ff5eed7a7d3989bf2a971da939d69538afa3cfa47d753f9c81f976013f5b7ebee225eb29001dc773adcfe6e46b\",\"nodeName\":\"a864864740f704f22022dd566a5e965297ed97ff5eed7a7d3989bf2a971da939d69538afa3cfa47d753f9c81f976013f5b7ebee225eb29001dc773adcfe6e46b\",\"rpcServiceName\":\"\",\"smCryptoType\":false}\n","microService":false,"name":"a864864740f704f22022dd566a5e965297ed97ff5eed7a7d3989bf2a971da939d69538afa3cfa47d753f9c81f976013f5b7ebee225eb29001dc773adcfe6e46b","nodeID":"a864864740f704f22022dd566a5e965297ed97ff5eed7a7d3989bf2a971da939d69538afa3cfa47d753f9c81f976013f5b7ebee225eb29001dc773adcfe6e46b","protocol":{"compatibilityVersion":51052544,"maxSupportedVersion":2,"minSupportedVersion":0},"serviceInfo":[{"serviceName":"LedgerServiceObj","type":2},{"serviceName":"SchedulerServiceObj","type":3},{"serviceName":"FrontServiceObj","type":4},{"serviceName":"","type":6},{"serviceName":"","type":7},{"serviceName":"TxPoolServiceObj","type":8}],"supportConfigs":["tx_gas_limit","tx_gas_price","tx_count_limit","consensus_leader_period","auth_check_status","compatibility_version","feature_rpbft","feature_rpbft_epoch_block_num","feature_rpbft_epoch_sealer_num","feature_balance_precompiled","web3_chain_id"],"type":0}]}],"protocolVersion":1}
info|2024-09-21 00:20:53.259142|[RPCWS][SERVICE][waitForConnectionEstablish]wait for websocket connection handshake success,suc count=1
info|2024-09-21 00:20:53.259170|[RPC][IMPL][start]start rpc
info|2024-09-21 00:20:53.259175|[SDK][WS][SERVICE][start]websocket service is running
info|2024-09-21 00:20:53.362004|[RPCWS][SERVICE][waitForConnectionEstablish]wait for websocket connection handshake success,suc count=1
info|2024-09-21 00:20:53.362025|[AMOP][CLIENT][start]start amop
info|2024-09-21 00:20:53.362029|[SDK][WS][SERVICE][start]websocket service is running
info|2024-09-21 00:20:53.465480|[RPCWS][SERVICE][waitForConnectionEstablish]wait for websocket connection handshake success,suc count=1
info|2024-09-21 00:20:53.465599|[EVENT][SUB][start]start event sub successfully,sendMsgTimeout=-1,reconnectPeriod=4294967295
info|2024-09-21 00:20:53.465612|[SDK][WS][SERVICE][start]websocket service is running
info|2024-09-21 00:20:53.569357|[RPCWS][SERVICE][waitForConnectionEstablish]wait for websocket connection handshake success,suc count=1
info|2024-09-21 00:20:53.569380|[bcos_sdk_start],sdk=0x600000c48000
info|2024-09-21 00:20:53.583968|[EVENT][PARAMS][fromJsonString],jsonString={"fromBlock":167,"toBlock":-1,"addresses":["0x8f5e4b6e91259df6a297ed6a9975ac36f8ecd0c7"],"topics":["0xddc398b321237a8d40ac914388309c2f52a08c134e4dc4ce61e32f57cb7d80f1"]},params={fromBlock: 167toBlock: -1addresses: 0x8f5e4b6e91259df6a297ed6a9975ac36f8ecd0c7 topics: index: 00xddc398b321237a8d40ac914388309c2f52a08c134e4dc4ce61e32f57cb7d80f1 0,}
info|2024-09-21 00:20:53.584121|[EVENT][SUB][subscribeEvent]subscribe event,id=ce7d07cdc9dc4f15b03baacb45283434,group=group0,request={"group":"group0","id":"ce7d07cdc9dc4f15b03baacb45283434","params":{"addresses":["0x8f5e4b6e91259df6a297ed6a9975ac36f8ecd0c7"],"fromBlock":167,"toBlock":-1,"topics":[["0xddc398b321237a8d40ac914388309c2f52a08c134e4dc4ce61e32f57cb7d80f1"]]}}
info|2024-09-21 00:20:53.584252|[EVENT][PARAMS][fromJsonString],jsonString={"fromBlock":167,"toBlock":-1,"addresses":["0x8f5e4b6e91259df6a297ed6a9975ac36f8ecd0c7"],"topics":["0xe5a2ae93d0e1ff40575daedb891e24b51ec149595c1a8c9287458fb7954b8a4e"]},params={fromBlock: 167toBlock: -1addresses: 0x8f5e4b6e91259df6a297ed6a9975ac36f8ecd0c7 topics: index: 00xe5a2ae93d0e1ff40575daedb891e24b51ec149595c1a8c9287458fb7954b8a4e 0,}
info|2024-09-21 00:20:53.584345|[EVENT][SUB][subscribeEvent]subscribe event,id=204310e867a749a89ac7f647001ddb1c,group=group0,request={"group":"group0","id":"204310e867a749a89ac7f647001ddb1c","params":{"addresses":["0x8f5e4b6e91259df6a297ed6a9975ac36f8ecd0c7"],"fromBlock":167,"toBlock":-1,"topics":[["0xe5a2ae93d0e1ff40575daedb891e24b51ec149595c1a8c9287458fb7954b8a4e"]]}}
info|2024-09-21 00:20:53.584429|[EVENT][PARAMS][fromJsonString],jsonString={"fromBlock":167,"toBlock":-1,"addresses":["0x8f5e4b6e91259df6a297ed6a9975ac36f8ecd0c7"],"topics":["0xd78d794f3970a6662278469523ed77ea2ba4e5de1d7e203e1929e92522feef1e"]},params={fromBlock: 167toBlock: -1addresses: 0x8f5e4b6e91259df6a297ed6a9975ac36f8ecd0c7 topics: index: 00xd78d794f3970a6662278469523ed77ea2ba4e5de1d7e203e1929e92522feef1e 0,}
info|2024-09-21 00:20:53.584528|[EVENT][SUB][subscribeEvent]subscribe event,id=719c6d932f23479b8ea16bfecbc49a51,group=group0,request={"group":"group0","id":"719c6d932f23479b8ea16bfecbc49a51","params":{"addresses":["0x8f5e4b6e91259df6a297ed6a9975ac36f8ecd0c7"],"fromBlock":167,"toBlock":-1,"topics":[["0xd78d794f3970a6662278469523ed77ea2ba4e5de1d7e203e1929e92522feef1e"]]}}
info|2024-09-21 00:20:53.584888|[EVENT][SUB][subscribeEvent]callback response success,id=ce7d07cdc9dc4f15b03baacb45283434,response={"id":"ce7d07cdc9dc4f15b03baacb45283434","status":0}
info|2024-09-21 00:20:53.601194|[EVENT][SUB][subscribeEvent]callback response success,id=719c6d932f23479b8ea16bfecbc49a51,response={"id":"719c6d932f23479b8ea16bfecbc49a51","status":0}
info|2024-09-21 00:20:53.601214|[EVENT][SUB][subscribeEvent]callback response success,id=204310e867a749a89ac7f647001ddb1c,response={"id":"204310e867a749a89ac7f647001ddb1c","status":0}
info|2024-09-21 00:21:08.777841|[RPC][BLOCK][NUMBER][fromJson],group=group0,node=a864864740f704f22022dd566a5e965297ed97ff5eed7a7d3989bf2a971da939d69538afa3cfa47d753f9c81f976013f5b7ebee225eb29001dc773adcfe6e46b,blockNumber=168
info|2024-09-21 00:21:08.777874|[RPCWS][SERVICE][onRecvBlockNotifier]receive block number notifier,group=group0,node=a864864740f704f22022dd566a5e965297ed97ff5eed7a7d3989bf2a971da939d69538afa3cfa47d753f9c81f976013f5b7ebee225eb29001dc773adcfe6e46b,blockNumber=168
info|2024-09-21 00:21:08.777887|[RPCWS][SERVICE][updateGroupBlockNumber],groupID=group0,_blockNumber=168
info|2024-09-21 00:21:08.777902|[RPCWS][SERVICE][onRecvBlockNotifier]block notifier callback,group=group0,node=a864864740f704f22022dd566a5e965297ed97ff5eed7a7d3989bf2a971da939d69538afa3cfa47d753f9c81f976013f5b7ebee225eb29001dc773adcfe6e46b,blockNumber=168
info|2024-09-21 00:21:08.777910|[WS]receive block notify,endpoint=127.0.0.1:20200,blk={
	"blockNumber" : 168,
	"group" : "group0",
	"nodeName" : "a864864740f704f22022dd566a5e965297ed97ff5eed7a7d3989bf2a971da939d69538afa3cfa47d753f9c81f976013f5b7ebee225eb29001dc773adcfe6e46b"
}
info|2024-09-21 00:21:19.893830|[RPC][BLOCK][NUMBER][fromJson],group=group0,node=a864864740f704f22022dd566a5e965297ed97ff5eed7a7d3989bf2a971da939d69538afa3cfa47d753f9c81f976013f5b7ebee225eb29001dc773adcfe6e46b,blockNumber=169
info|2024-09-21 00:21:19.893851|[RPCWS][SERVICE][onRecvBlockNotifier]receive block number notifier,group=group0,node=a864864740f704f22022dd566a5e965297ed97ff5eed7a7d3989bf2a971da939d69538afa3cfa47d753f9c81f976013f5b7ebee225eb29001dc773adcfe6e46b,blockNumber=169
info|2024-09-21 00:21:19.893860|[RPCWS][SERVICE][updateGroupBlockNumber],groupID=group0,_blockNumber=169
info|2024-09-21 00:21:19.893866|[RPCWS][SERVICE][onRecvBlockNotifier]block notifier callback,group=group0,node=a864864740f704f22022dd566a5e965297ed97ff5eed7a7d3989bf2a971da939d69538afa3cfa47d753f9c81f976013f5b7ebee225eb29001dc773adcfe6e46b,blockNumber=169
info|2024-09-21 00:21:19.893883|[WS]receive block notify,endpoint=127.0.0.1:20200,blk={
	"blockNumber" : 169,
	"group" : "group0",
	"nodeName" : "a864864740f704f22022dd566a5e965297ed97ff5eed7a7d3989bf2a971da939d69538afa3cfa47d753f9c81f976013f5b7ebee225eb29001dc773adcfe6e46b"
}
info|2024-09-21 00:21:36.064485|[RPC][BLOCK][NUMBER][fromJson],group=group0,node=a864864740f704f22022dd566a5e965297ed97ff5eed7a7d3989bf2a971da939d69538afa3cfa47d753f9c81f976013f5b7ebee225eb29001dc773adcfe6e46b,blockNumber=170
info|2024-09-21 00:21:36.064620|[RPCWS][SERVICE][onRecvBlockNotifier]receive block number notifier,group=group0,node=a864864740f704f22022dd566a5e965297ed97ff5eed7a7d3989bf2a971da939d69538afa3cfa47d753f9c81f976013f5b7ebee225eb29001dc773adcfe6e46b,blockNumber=170
info|2024-09-21 00:21:36.064643|[RPCWS][SERVICE][updateGroupBlockNumber],groupID=group0,_blockNumber=170
info|2024-09-21 00:21:36.064656|[RPCWS][SERVICE][onRecvBlockNotifier]block notifier callback,group=group0,node=a864864740f704f22022dd566a5e965297ed97ff5eed7a7d3989bf2a971da939d69538afa3cfa47d753f9c81f976013f5b7ebee225eb29001dc773adcfe6e46b,blockNumber=170
info|2024-09-21 00:21:36.064666|[WS]receive block notify,endpoint=127.0.0.1:20200,blk={
	"blockNumber" : 170,
	"group" : "group0",
	"nodeName" : "a864864740f704f22022dd566a5e965297ed97ff5eed7a7d3989bf2a971da939d69538afa3cfa47d753f9c81f976013f5b7ebee225eb29001dc773adcfe6e46b"
}
info|2024-09-21 00:21:39.629575|[RPC][BLOCK][NUMBER][fromJson],group=group0,node=a864864740f704f22022dd566a5e965297ed97ff5eed7a7d3989bf2a971da939d69538afa3cfa47d753f9c81f976013f5b7ebee225eb29001dc773adcfe6e46b,blockNumber=171
info|2024-09-21 00:21:39.629592|[RPCWS][SERVICE][onRecvBlockNotifier]receive block number notifier,group=group0,node=a864864740f704f22022dd566a5e965297ed97ff5eed7a7d3989bf2a971da939d69538afa3cfa47d753f9c81f976013f5b7ebee225eb29001dc773adcfe6e46b,blockNumber=171
info|2024-09-21 00:21:39.629600|[RPCWS][SERVICE][updateGroupBlockNumber],groupID=group0,_blockNumber=171
info|2024-09-21 00:21:39.629606|[RPCWS][SERVICE][onRecvBlockNotifier]block notifier callback,group=group0,node=a864864740f704f22022dd566a5e965297ed97ff5eed7a7d3989bf2a971da939d69538afa3cfa47d753f9c81f976013f5b7ebee225eb29001dc773adcfe6e46b,blockNumber=171
info|2024-09-21 00:21:39.629612|[WS]receive block notify,endpoint=127.0.0.1:20200,blk={
	"blockNumber" : 171,
	"group" : "group0",
	"nodeName" : "a864864740f704f22022dd566a5e965297ed97ff5eed7a7d3989bf2a971da939d69538afa3cfa47d753f9c81f976013f5b7ebee225eb29001dc773adcfe6e46b"
}
info|2024-09-21 00:22:05.555237|[RPC][BLOCK][NUMBER][fromJson],group=group0,node=a864864740f704f22022dd566a5e965297ed97ff5eed7a7d3989bf2a971da939d69538afa3cfa47d753f9c81f976013f5b7ebee225eb29001dc773adcfe6e46b,blockNumber=172
info|2024-09-21 00:22:05.555256|[RPCWS][SERVICE][onRecvBlockNotifier]receive block number notifier,group=group0,node=a864864740f704f22022dd566a5e965297ed97ff5eed7a7d3989bf2a971da939d69538afa3cfa47d753f9c81f976013f5b7ebee225eb29001dc773adcfe6e46b,blockNumber=172
info|2024-09-21 00:22:05.555264|[RPCWS][SERVICE][updateGroupBlockNumber],groupID=group0,_blockNumber=172
info|2024-09-21 00:22:05.555269|[RPCWS][SERVICE][onRecvBlockNotifier]block notifier callback,group=group0,node=a864864740f704f22022dd566a5e965297ed97ff5eed7a7d3989bf2a971da939d69538afa3cfa47d753f9c81f976013f5b7ebee225eb29001dc773adcfe6e46b,blockNumber=172
info|2024-09-21 00:22:05.555274|[WS]receive block notify,endpoint=127.0.0.1:20200,blk={
	"blockNumber" : 172,
	"group" : "group0",
	"nodeName" : "a864864740f704f22022dd566a5e965297ed97ff5eed7a7d3989bf2a971da939d69538afa3cfa47d753f9c81f976013f5b7ebee225eb29001dc773adcfe6e46b"
}
info|2024-09-21 00:22:14.866236|[RPC][BLOCK][NUMBER][fromJson],group=group0,node=a864864740f704f22022dd566a5e965297ed97ff5eed7a7d3989bf2a971da939d69538afa3cfa47d753f9c81f976013f5b7ebee225eb29001dc773adcfe6e46b,blockNumber=173
info|2024-09-21 00:22:14.866281|[RPCWS][SERVICE][onRecvBlockNotifier]receive block number notifier,group=group0,node=a864864740f704f22022dd566a5e965297ed97ff5eed7a7d3989bf2a971da939d69538afa3cfa47d753f9c81f976013f5b7ebee225eb29001dc773adcfe6e46b,blockNumber=173
info|2024-09-21 00:22:14.866292|[RPCWS][SERVICE][updateGroupBlockNumber],groupID=group0,_blockNumber=173
info|2024-09-21 00:22:14.866298|[RPCWS][SERVICE][onRecvBlockNotifier]block notifier callback,group=group0,node=a864864740f704f22022dd566a5e965297ed97ff5eed7a7d3989bf2a971da939d69538afa3cfa47d753f9c81f976013f5b7ebee225eb29001dc773adcfe6e46b,blockNumber=173
info|2024-09-21 00:22:14.866305|[WS]receive block notify,endpoint=127.0.0.1:20200,blk={
	"blockNumber" : 173,
	"group" : "group0",
	"nodeName" : "a864864740f704f22022dd566a5e965297ed97ff5eed7a7d3989bf2a971da939d69538afa3cfa47d753f9c81f976013f5b7ebee225eb29001dc773adcfe6e46b"
}
info|2024-09-21 00:23:10.805721|[RPC][BLOCK][NUMBER][fromJson],group=group0,node=a864864740f704f22022dd566a5e965297ed97ff5eed7a7d3989bf2a971da939d69538afa3cfa47d753f9c81f976013f5b7ebee225eb29001dc773adcfe6e46b,blockNumber=174
info|2024-09-21 00:23:10.805750|[RPCWS][SERVICE][onRecvBlockNotifier]receive block number notifier,group=group0,node=a864864740f704f22022dd566a5e965297ed97ff5eed7a7d3989bf2a971da939d69538afa3cfa47d753f9c81f976013f5b7ebee225eb29001dc773adcfe6e46b,blockNumber=174
info|2024-09-21 00:23:10.805763|[RPCWS][SERVICE][updateGroupBlockNumber],groupID=group0,_blockNumber=174
info|2024-09-21 00:23:10.805773|[RPCWS][SERVICE][onRecvBlockNotifier]block notifier callback,group=group0,node=a864864740f704f22022dd566a5e965297ed97ff5eed7a7d3989bf2a971da939d69538afa3cfa47d753f9c81f976013f5b7ebee225eb29001dc773adcfe6e46b,blockNumber=174
info|2024-09-21 00:23:10.805782|[WS]receive block notify,endpoint=127.0.0.1:20200,blk={
	"blockNumber" : 174,
	"group" : "group0",
	"nodeName" : "a864864740f704f22022dd566a5e965297ed97ff5eed7a7d3989bf2a971da939d69538afa3cfa47d753f9c81f976013f5b7ebee225eb29001dc773adcfe6e46b"
}
